<?xml version="1.0" encoding="UTF-8"?>
<!-- Generated by org.testng.reporters.JUnitReportReporter -->
<testsuite skipped="0" hostname="HP" name="getRequest.GetData" tests="2" failures="0" timestamp="१४ अप्रैल २०१८ १०:१२:०० GMT" time="५.४०८" errors="0">
  <testcase name="testResponseCode" time="०.३८५" classname="getRequest.GetData"/>
  <testcase name="testBodyData" time="५.०२३" classname="getRequest.GetData"/>
</testsuite> <!-- getRequest.GetData -->
